Arguments: 
  D:\Program Files\nodejs\node.exe D:\Program Files (x86)\Yarn\bin\yarn.js install

PATH: 
  C:\Users\ZheLin\bin;D:\Program Files\Git\mingw64\bin;D:\Program Files\Git\usr\local\bin;D:\Program Files\Git\usr\bin;D:\Program Files\Git\usr\bin;D:\Program Files\Git\mingw64\bin;D:\Program Files\Git\usr\bin;C:\Users\ZheLin\bin;C:\WINDOWS\system32;C:\WINDOWS;C:\WINDOWS\System32\Wbem;C:\WINDOWS\System32\WindowsPowerShell\v1.0;D:\Program Files\Git\cmd;C:\WINDOWS\System32\OpenSSH;D:\Program Files\Microsoft VS Code\bin;D:\Python27;D:\Program Files\nodejs;D:\sqlite3;D:\phpStudy\php\php-7.0.12-nts;C:\composer;D:\Program Files (x86)\Yarn\bin;C:\Users\ZheLin\AppData\Local\Microsoft\WindowsApps;D:\Program Files\Microsoft VS Code\bin;C:\Users\ZheLin\AppData\Roaming\npm;C:\Users\ZheLin\AppData\Roaming\Composer\vendor\bin;C:\Users\ZheLin\AppData\Local\Yarn\bin;D:\Program Files\Git\usr\bin\vendor_perl;D:\Program Files\Git\usr\bin\core_perl

Yarn version: 
  1.15.2

Node version: 
  10.13.0

Platform: 
  win32 x64

Trace: 
  Error: ENOSPC: no space left on device, write

npm manifest: 
  {
    "name": "101helper",
    "version": "0.0.1",
    "author": "ZhelinCheng <chengzhelin@foxmail.com>",
    "description": "101 helper",
    "license": "MIT",
    "main": "./dist/electron/main.js",
    "scripts": {
      "build": "node .electron-vue/build.js && electron-builder",
      "build:dir": "node .electron-vue/build.js && electron-builder --dir",
      "build:clean": "cross-env BUILD_TARGET=clean node .electron-vue/build.js",
      "build:web": "cross-env BUILD_TARGET=web node .electron-vue/build.js",
      "dev": "node .electron-vue/dev-runner.js",
      "e2e": "npm run pack && mocha test/e2e",
      "lint": "eslint --ext .js,.vue -f ./node_modules/eslint-friendly-formatter src test",
      "lint:fix": "eslint --ext .js,.vue -f ./node_modules/eslint-friendly-formatter --fix src test",
      "pack": "npm run pack:main && npm run pack:renderer",
      "pack:main": "cross-env NODE_ENV=production webpack --progress --colors --config .electron-vue/webpack.main.config.js",
      "pack:renderer": "cross-env NODE_ENV=production webpack --progress --colors --config .electron-vue/webpack.renderer.config.js",
      "test": "npm run unit && npm run e2e",
      "unit": "karma start test/unit/karma.conf.js",
      "postinstall": "npm run lint:fix"
    },
    "repository": {
      "type": "git",
      "url": "git+https://github.com/ZhelinCheng/101helper.git"
    },
    "bugs": {
      "url": "https://github.com/ZhelinCheng/101helper/issues"
    },
    "homepage": "https://github.com/ZhelinCheng/101helper#readme",
    "keywords": [
      "101",
      "prodeuce"
    ],
    "build": {
      "productName": "101helper",
      "appId": "com.zhelin.101helper",
      "directories": {
        "output": "build"
      },
      "files": [
        "dist/electron/**/*"
      ],
      "dmg": {
        "contents": [
          {
            "x": 410,
            "y": 150,
            "type": "link",
            "path": "/Applications"
          },
          {
            "x": 130,
            "y": 150,
            "type": "file"
          }
        ]
      },
      "mac": {
        "icon": "build/icons/icon.icns"
      },
      "win": {
        "icon": "build/icons/icon.ico"
      },
      "linux": {
        "icon": "build/icons"
      }
    },
    "dependencies": {
      "vue": "^2.5.16",
      "axios": "^0.18.0",
      "vue-electron": "^1.0.6",
      "vue-router": "^3.0.1",
      "vuex": "^3.0.1",
      "vuex-electron": "^1.0.0"
    },
    "devDependencies": {
      "ajv": "^6.5.0",
      "babel-core": "^6.26.3",
      "babel-loader": "^7.1.4",
      "babel-plugin-transform-runtime": "^6.23.0",
      "babel-preset-env": "^1.7.0",
      "babel-preset-stage-0": "^6.24.1",
      "babel-register": "^6.26.0",
      "babili-webpack-plugin": "^0.1.2",
      "cfonts": "^2.1.2",
      "chalk": "^2.4.1",
      "copy-webpack-plugin": "^4.5.1",
      "cross-env": "^5.1.6",
      "css-loader": "^0.28.11",
      "del": "^3.0.0",
      "devtron": "^1.4.0",
      "electron": "^2.0.4",
      "electron-debug": "^1.5.0",
      "electron-devtools-installer": "^2.2.4",
      "electron-builder": "^20.19.2",
      "babel-eslint": "^8.2.3",
      "eslint": "^4.19.1",
      "eslint-friendly-formatter": "^4.0.1",
      "eslint-loader": "^2.0.0",
      "eslint-plugin-html": "^4.0.3",
      "eslint-config-standard": "^11.0.0",
      "eslint-plugin-import": "^2.12.0",
      "eslint-plugin-node": "^6.0.1",
      "eslint-plugin-promise": "^3.8.0",
      "eslint-plugin-standard": "^3.1.0",
      "mini-css-extract-plugin": "0.4.0",
      "file-loader": "^1.1.11",
      "html-webpack-plugin": "^3.2.0",
      "inject-loader": "^4.0.1",
      "karma": "^2.0.2",
      "karma-chai": "^0.1.0",
      "karma-coverage": "^1.1.2",
      "karma-electron": "^6.0.0",
      "karma-mocha": "^1.3.0",
      "karma-sourcemap-loader": "^0.3.7",
      "karma-spec-reporter": "^0.0.32",
      "karma-webpack": "^3.0.0",
      "require-dir": "^1.0.0",
      "spectron": "^3.8.0",
      "babel-plugin-istanbul": "^4.1.6",
      "chai": "^4.1.2",
      "mocha": "^5.2.0",
      "multispinner": "^0.2.1",
      "node-loader": "^0.6.0",
      "style-loader": "^0.21.0",
      "url-loader": "^1.0.1",
      "vue-html-loader": "^1.2.4",
      "vue-loader": "^15.2.4",
      "vue-style-loader": "^4.1.0",
      "vue-template-compiler": "^2.5.16",
      "webpack-cli": "^3.0.8",
      "webpack": "^4.15.1",
      "webpack-dev-server": "^3.1.4",
      "webpack-hot-middleware": "^2.22.2",
      "webpack-merge": "^4.1.3"
    }
  }

yarn manifest: 
  No manifest

Lockfile: 
  No lockfile
